<?xml version="1.0" encoding="UTF-8"?>
<testsuite xmlns:xsi="http://www.w3.org/2001/XMLSchema-instance" xsi:schemaLocation="https://maven.apache.org/surefire/maven-surefire-plugin/xsd/surefire-test-report.xsd" name="TestSuite" time="60.859" tests="3" errors="0" skipped="2" failures="1">
  <properties>
[...]
</properties>
  <testcase name="beforeTest" classname="example.NewTest" time="59.2">
    <failure message="Failed to connect to binary FirefoxBinary(C:\Program Files (x86)\Mozilla Firefox\firefox.exe) on port 7056; process output follows: &#10;\Program Files (x86)\\Mozilla Firefox\\browser\\features\\loop@mozilla.org.xpi&quot;,&quot;e&quot;:true,&quot;v&quot;:&quot;1.2.6&quot;,&quot;st&quot;:1462246394000}},&quot;app-global&quot;:{&quot;{972ce4c6-7e08-4474-a285-3208198ce6fd}&quot;:{&quot;d&quot;:&quot;C:\\Program Files (x86)\\Mozilla Firefox\\browser\\extensions\\{972ce4c6-7e08-4474-a285-3208198ce6fd}.xpi&quot;,&quot;e&quot;:true,&quot;v&quot;:&quot;46.0.1&quot;,&quot;st&quot;:1462246394000}}}&#10;1538049317626	addons.xpi	DEBUG	No changes found&#10;1538049317631	addons.xpi	DEBUG	Registering manifest for C:\Program Files (x86)\Mozilla Firefox\browser\features\e10srollout@mozilla.org.xpi&#10;1538049317632	addons.xpi	DEBUG	Loading bootstrap scope from C:\Program Files (x86)\Mozilla Firefox\browser\features\e10srollout@mozilla.org.xpi&#10;1538049317643	addons.xpi	DEBUG	Calling bootstrap method startup on e10srollout@mozilla.org version 1.0&#10;1538049317643	addons.xpi	DEBUG	Registering manifest for C:\Program Files (x86)\Mozilla Firefox\browser\features\firefox@getpocket.com.xpi&#10;1538049317644	addons.xpi	DEBUG	Loading bootstrap scope from C:\Program Files (x86)\Mozilla Firefox\browser\features\firefox@getpocket.com.xpi&#10;1538049317648	addons.xpi	DEBUG	Calling bootstrap method startup on firefox@getpocket.com version 1.0&#10;1538049317654	addons.xpi-utils	DEBUG	Starting async load of XPI database C:\Users\Djay\AppData\Local\Temp\anonymous6401189021329007389webdriver-profile\extensions.json&#10;1538049317655	addons.xpi	DEBUG	Registering manifest for C:\Program Files (x86)\Mozilla Firefox\browser\features\loop@mozilla.org.xpi&#10;1538049317671	addons.xpi	DEBUG	Loading bootstrap scope from C:\Program Files (x86)\Mozilla Firefox\browser\features\loop@mozilla.org.xpi&#10;1538049317676	addons.xpi	DEBUG	Calling bootstrap method startup on loop@mozilla.org version 1.2.6&#10;1538049317694	addons.manager	DEBUG	Registering shutdown blocker for XPIProvider&#10;1538049317694	addons.manager	DEBUG	Provider finished startup: XPIProvider&#10;1538049317694	addons.manager	DEBUG	Starting provider: LightweightThemeManager&#10;1538049317694	addons.manager	DEBUG	Registering shutdown blocker for LightweightThemeManager&#10;1538049317694	addons.manager	DEBUG	Provider finished startup: LightweightThemeManager&#10;1538049317695	addons.manager	DEBUG	Starting provider: GMPProvider&#10;1538049317701	addons.manager	DEBUG	Registering shutdown blocker for GMPProvider&#10;1538049317701	addons.manager	DEBUG	Provider finished startup: GMPProvider&#10;1538049317701	addons.manager	DEBUG	Starting provider: PluginProvider&#10;1538049317701	addons.manager	DEBUG	Registering shutdown blocker for PluginProvider&#10;1538049317701	addons.manager	DEBUG	Provider finished startup: PluginProvider&#10;1538049317702	addons.manager	DEBUG	Completed startup sequence&#10;Crash Annotation GraphicsCriticalError: |[0][GFX1-]: PossiblyBrokenSurfaceSharing_UnexpectedAMDGPU (t=2.227)[GFX1-]: PossiblyBrokenSurfaceSharing_UnexpectedAMDGPU&#10;Crash Annotation GraphicsCriticalError: |[0][GFX1-]: PossiblyBrokenSurfaceSharing_UnexpectedAMDGPU (t=2.227)|[1][GFX1-]: PossiblyBrokenSurfaceSharing_UnexpectedAMDGPU (t=2.227)[GFX1-]: PossiblyBrokenSurfaceSharing_UnexpectedAMDGPU&#10;1538049317919	addons.xpi-utils	DEBUG	Async JSON file read took 0 MS&#10;1538049317919	addons.xpi-utils	DEBUG	Finished async read of XPI database, parsing...&#10;1538049317921	addons.xpi-utils	DEBUG	Successfully read XPI database&#10;1538049317930	addons.manager	DEBUG	Starting provider: &lt;unnamed-provider&gt;&#10;1538049317930	addons.manager	DEBUG	Registering shutdown blocker for &lt;unnamed-provider&gt;&#10;1538049317930	addons.manager	DEBUG	Provider finished startup: &lt;unnamed-provider&gt;&#10;*** Blocklist::_loadBlocklistFromFile: blocklist is disabled&#10;1538049318016	addons.manager	DEBUG	Starting provider: PreviousExperimentProvider&#10;1538049318016	addons.manager	DEBUG	Registering shutdown blocker for PreviousExperimentProvider&#10;1538049318016	addons.manager	DEBUG	Provider finished startup: PreviousExperimentProvider&#10;JavaScript warning: https://www.googletagmanager.com/gtm.js?id=GTM-MW3R8V&amp;l=dataLayer, line 5278: mutating the [[Prototype]] of an object will cause your code to run very slowly; instead create the object with the correct initial [[Prototype]] value using Object.create&#10;&#10;Build info: version: &apos;2.45.0&apos;, revision: &apos;5017cb8e7ca8e37638dc3091b2440b90a1d8686f&apos;, time: &apos;2015-02-27 09:10:26&apos;&#10;System info: host: &apos;JAY&apos;, ip: &apos;192.168.43.59&apos;, os.name: &apos;Windows 8.1&apos;, os.arch: &apos;amd64&apos;, os.version: &apos;6.3&apos;, java.version: &apos;1.8.0_144&apos;&#10;Driver info: driver.version: FirefoxDriver" type="org.openqa.selenium.WebDriverException"><![CDATA[org.openqa.selenium.WebDriverException: 
Failed to connect to binary FirefoxBinary(C:\Program Files (x86)\Mozilla Firefox\firefox.exe) on port 7056; process output follows: 
\Program Files (x86)\\Mozilla Firefox\\browser\\features\\loop@mozilla.org.xpi","e":true,"v":"1.2.6","st":1462246394000}},"app-global":{"{972ce4c6-7e08-4474-a285-3208198ce6fd}":{"d":"C:\\Program Files (x86)\\Mozilla Firefox\\browser\\extensions\\{972ce4c6-7e08-4474-a285-3208198ce6fd}.xpi","e":true,"v":"46.0.1","st":1462246394000}}}
1538049317626	addons.xpi	DEBUG	No changes found
1538049317631	addons.xpi	DEBUG	Registering manifest for C:\Program Files (x86)\Mozilla Firefox\browser\features\e10srollout@mozilla.org.xpi
1538049317632	addons.xpi	DEBUG	Loading bootstrap scope from C:\Program Files (x86)\Mozilla Firefox\browser\features\e10srollout@mozilla.org.xpi
1538049317643	addons.xpi	DEBUG	Calling bootstrap method startup on e10srollout@mozilla.org version 1.0
1538049317643	addons.xpi	DEBUG	Registering manifest for C:\Program Files (x86)\Mozilla Firefox\browser\features\firefox@getpocket.com.xpi
1538049317644	addons.xpi	DEBUG	Loading bootstrap scope from C:\Program Files (x86)\Mozilla Firefox\browser\features\firefox@getpocket.com.xpi
1538049317648	addons.xpi	DEBUG	Calling bootstrap method startup on firefox@getpocket.com version 1.0
1538049317654	addons.xpi-utils	DEBUG	Starting async load of XPI database C:\Users\Djay\AppData\Local\Temp\anonymous6401189021329007389webdriver-profile\extensions.json
1538049317655	addons.xpi	DEBUG	Registering manifest for C:\Program Files (x86)\Mozilla Firefox\browser\features\loop@mozilla.org.xpi
1538049317671	addons.xpi	DEBUG	Loading bootstrap scope from C:\Program Files (x86)\Mozilla Firefox\browser\features\loop@mozilla.org.xpi
1538049317676	addons.xpi	DEBUG	Calling bootstrap method startup on loop@mozilla.org version 1.2.6
1538049317694	addons.manager	DEBUG	Registering shutdown blocker for XPIProvider
1538049317694	addons.manager	DEBUG	Provider finished startup: XPIProvider
1538049317694	addons.manager	DEBUG	Starting provider: LightweightThemeManager
1538049317694	addons.manager	DEBUG	Registering shutdown blocker for LightweightThemeManager
1538049317694	addons.manager	DEBUG	Provider finished startup: LightweightThemeManager
1538049317695	addons.manager	DEBUG	Starting provider: GMPProvider
1538049317701	addons.manager	DEBUG	Registering shutdown blocker for GMPProvider
1538049317701	addons.manager	DEBUG	Provider finished startup: GMPProvider
1538049317701	addons.manager	DEBUG	Starting provider: PluginProvider
1538049317701	addons.manager	DEBUG	Registering shutdown blocker for PluginProvider
1538049317701	addons.manager	DEBUG	Provider finished startup: PluginProvider
1538049317702	addons.manager	DEBUG	Completed startup sequence
Crash Annotation GraphicsCriticalError: |[0][GFX1-]: PossiblyBrokenSurfaceSharing_UnexpectedAMDGPU (t=2.227)[GFX1-]: PossiblyBrokenSurfaceSharing_UnexpectedAMDGPU
Crash Annotation GraphicsCriticalError: |[0][GFX1-]: PossiblyBrokenSurfaceSharing_UnexpectedAMDGPU (t=2.227)|[1][GFX1-]: PossiblyBrokenSurfaceSharing_UnexpectedAMDGPU (t=2.227)[GFX1-]: PossiblyBrokenSurfaceSharing_UnexpectedAMDGPU
1538049317919	addons.xpi-utils	DEBUG	Async JSON file read took 0 MS
1538049317919	addons.xpi-utils	DEBUG	Finished async read of XPI database, parsing...
1538049317921	addons.xpi-utils	DEBUG	Successfully read XPI database
1538049317930	addons.manager	DEBUG	Starting provider: <unnamed-provider>
1538049317930	addons.manager	DEBUG	Registering shutdown blocker for <unnamed-provider>
1538049317930	addons.manager	DEBUG	Provider finished startup: <unnamed-provider>
*** Blocklist::_loadBlocklistFromFile: blocklist is disabled
1538049318016	addons.manager	DEBUG	Starting provider: PreviousExperimentProvider
1538049318016	addons.manager	DEBUG	Registering shutdown blocker for PreviousExperimentProvider
1538049318016	addons.manager	DEBUG	Provider finished startup: PreviousExperimentProvider
JavaScript warning: https://www.googletagmanager.com/gtm.js?id=GTM-MW3R8V&l=dataLayer, line 5278: mutating the [[Prototype]] of an object will cause your code to run very slowly; instead create the object with the correct initial [[Prototype]] value using Object.create

Build info: version: '2.45.0', revision: '5017cb8e7ca8e37638dc3091b2440b90a1d8686f', time: '2015-02-27 09:10:26'
System info: host: 'JAY', ip: '192.168.43.59', os.name: 'Windows 8.1', os.arch: 'amd64', os.version: '6.3', java.version: '1.8.0_144'
Driver info: driver.version: FirefoxDriver
	at example.NewTest.beforeTest(NewTest.java:21)
Caused by: org.openqa.selenium.firefox.NotConnectedException: 
Unable to connect to host 127.0.0.1 on port 7056 after 45000 ms. Firefox console output:
\Program Files (x86)\\Mozilla Firefox\\browser\\features\\loop@mozilla.org.xpi","e":true,"v":"1.2.6","st":1462246394000}},"app-global":{"{972ce4c6-7e08-4474-a285-3208198ce6fd}":{"d":"C:\\Program Files (x86)\\Mozilla Firefox\\browser\\extensions\\{972ce4c6-7e08-4474-a285-3208198ce6fd}.xpi","e":true,"v":"46.0.1","st":1462246394000}}}
1538049317626	addons.xpi	DEBUG	No changes found
1538049317631	addons.xpi	DEBUG	Registering manifest for C:\Program Files (x86)\Mozilla Firefox\browser\features\e10srollout@mozilla.org.xpi
1538049317632	addons.xpi	DEBUG	Loading bootstrap scope from C:\Program Files (x86)\Mozilla Firefox\browser\features\e10srollout@mozilla.org.xpi
1538049317643	addons.xpi	DEBUG	Calling bootstrap method startup on e10srollout@mozilla.org version 1.0
1538049317643	addons.xpi	DEBUG	Registering manifest for C:\Program Files (x86)\Mozilla Firefox\browser\features\firefox@getpocket.com.xpi
1538049317644	addons.xpi	DEBUG	Loading bootstrap scope from C:\Program Files (x86)\Mozilla Firefox\browser\features\firefox@getpocket.com.xpi
1538049317648	addons.xpi	DEBUG	Calling bootstrap method startup on firefox@getpocket.com version 1.0
1538049317654	addons.xpi-utils	DEBUG	Starting async load of XPI database C:\Users\Djay\AppData\Local\Temp\anonymous6401189021329007389webdriver-profile\extensions.json
1538049317655	addons.xpi	DEBUG	Registering manifest for C:\Program Files (x86)\Mozilla Firefox\browser\features\loop@mozilla.org.xpi
1538049317671	addons.xpi	DEBUG	Loading bootstrap scope from C:\Program Files (x86)\Mozilla Firefox\browser\features\loop@mozilla.org.xpi
1538049317676	addons.xpi	DEBUG	Calling bootstrap method startup on loop@mozilla.org version 1.2.6
1538049317694	addons.manager	DEBUG	Registering shutdown blocker for XPIProvider
1538049317694	addons.manager	DEBUG	Provider finished startup: XPIProvider
1538049317694	addons.manager	DEBUG	Starting provider: LightweightThemeManager
1538049317694	addons.manager	DEBUG	Registering shutdown blocker for LightweightThemeManager
1538049317694	addons.manager	DEBUG	Provider finished startup: LightweightThemeManager
1538049317695	addons.manager	DEBUG	Starting provider: GMPProvider
1538049317701	addons.manager	DEBUG	Registering shutdown blocker for GMPProvider
1538049317701	addons.manager	DEBUG	Provider finished startup: GMPProvider
1538049317701	addons.manager	DEBUG	Starting provider: PluginProvider
1538049317701	addons.manager	DEBUG	Registering shutdown blocker for PluginProvider
1538049317701	addons.manager	DEBUG	Provider finished startup: PluginProvider
1538049317702	addons.manager	DEBUG	Completed startup sequence
Crash Annotation GraphicsCriticalError: |[0][GFX1-]: PossiblyBrokenSurfaceSharing_UnexpectedAMDGPU (t=2.227)[GFX1-]: PossiblyBrokenSurfaceSharing_UnexpectedAMDGPU
Crash Annotation GraphicsCriticalError: |[0][GFX1-]: PossiblyBrokenSurfaceSharing_UnexpectedAMDGPU (t=2.227)|[1][GFX1-]: PossiblyBrokenSurfaceSharing_UnexpectedAMDGPU (t=2.227)[GFX1-]: PossiblyBrokenSurfaceSharing_UnexpectedAMDGPU
1538049317919	addons.xpi-utils	DEBUG	Async JSON file read took 0 MS
1538049317919	addons.xpi-utils	DEBUG	Finished async read of XPI database, parsing...
1538049317921	addons.xpi-utils	DEBUG	Successfully read XPI database
1538049317930	addons.manager	DEBUG	Starting provider: <unnamed-provider>
1538049317930	addons.manager	DEBUG	Registering shutdown blocker for <unnamed-provider>
1538049317930	addons.manager	DEBUG	Provider finished startup: <unnamed-provider>
*** Blocklist::_loadBlocklistFromFile: blocklist is disabled
1538049318016	addons.manager	DEBUG	Starting provider: PreviousExperimentProvider
1538049318016	addons.manager	DEBUG	Registering shutdown blocker for PreviousExperimentProvider
1538049318016	addons.manager	DEBUG	Provider finished startup: PreviousExperimentProvider
JavaScript warning: https://www.googletagmanager.com/gtm.js?id=GTM-MW3R8V&l=dataLayer, line 5278: mutating the [[Prototype]] of an object will cause your code to run very slowly; instead create the object with the correct initial [[Prototype]] value using Object.create

	at example.NewTest.beforeTest(NewTest.java:21)
]]></failure>
    <system-err><![CDATA[org.openqa.selenium.firefox.NotConnectedException: Unable to connect to host 127.0.0.1 on port 7056 after 45000 ms. Firefox console output:
\Program Files (x86)\\Mozilla Firefox\\browser\\features\\loop@mozilla.org.xpi","e":true,"v":"1.2.6","st":1462246394000}},"app-global":{"{972ce4c6-7e08-4474-a285-3208198ce6fd}":{"d":"C:\\Program Files (x86)\\Mozilla Firefox\\browser\\extensions\\{972ce4c6-7e08-4474-a285-3208198ce6fd}.xpi","e":true,"v":"46.0.1","st":1462246394000}}}
1538049317626	addons.xpi	DEBUG	No changes found
1538049317631	addons.xpi	DEBUG	Registering manifest for C:\Program Files (x86)\Mozilla Firefox\browser\features\e10srollout@mozilla.org.xpi
1538049317632	addons.xpi	DEBUG	Loading bootstrap scope from C:\Program Files (x86)\Mozilla Firefox\browser\features\e10srollout@mozilla.org.xpi
1538049317643	addons.xpi	DEBUG	Calling bootstrap method startup on e10srollout@mozilla.org version 1.0
1538049317643	addons.xpi	DEBUG	Registering manifest for C:\Program Files (x86)\Mozilla Firefox\browser\features\firefox@getpocket.com.xpi
1538049317644	addons.xpi	DEBUG	Loading bootstrap scope from C:\Program Files (x86)\Mozilla Firefox\browser\features\firefox@getpocket.com.xpi
1538049317648	addons.xpi	DEBUG	Calling bootstrap method startup on firefox@getpocket.com version 1.0
1538049317654	addons.xpi-utils	DEBUG	Starting async load of XPI database C:\Users\Djay\AppData\Local\Temp\anonymous6401189021329007389webdriver-profile\extensions.json
1538049317655	addons.xpi	DEBUG	Registering manifest for C:\Program Files (x86)\Mozilla Firefox\browser\features\loop@mozilla.org.xpi
1538049317671	addons.xpi	DEBUG	Loading bootstrap scope from C:\Program Files (x86)\Mozilla Firefox\browser\features\loop@mozilla.org.xpi
1538049317676	addons.xpi	DEBUG	Calling bootstrap method startup on loop@mozilla.org version 1.2.6
1538049317694	addons.manager	DEBUG	Registering shutdown blocker for XPIProvider
1538049317694	addons.manager	DEBUG	Provider finished startup: XPIProvider
1538049317694	addons.manager	DEBUG	Starting provider: LightweightThemeManager
1538049317694	addons.manager	DEBUG	Registering shutdown blocker for LightweightThemeManager
1538049317694	addons.manager	DEBUG	Provider finished startup: LightweightThemeManager
1538049317695	addons.manager	DEBUG	Starting provider: GMPProvider
1538049317701	addons.manager	DEBUG	Registering shutdown blocker for GMPProvider
1538049317701	addons.manager	DEBUG	Provider finished startup: GMPProvider
1538049317701	addons.manager	DEBUG	Starting provider: PluginProvider
1538049317701	addons.manager	DEBUG	Registering shutdown blocker for PluginProvider
1538049317701	addons.manager	DEBUG	Provider finished startup: PluginProvider
1538049317702	addons.manager	DEBUG	Completed startup sequence
Crash Annotation GraphicsCriticalError: |[0][GFX1-]: PossiblyBrokenSurfaceSharing_UnexpectedAMDGPU (t=2.227)[GFX1-]: PossiblyBrokenSurfaceSharing_UnexpectedAMDGPU
Crash Annotation GraphicsCriticalError: |[0][GFX1-]: PossiblyBrokenSurfaceSharing_UnexpectedAMDGPU (t=2.227)|[1][GFX1-]: PossiblyBrokenSurfaceSharing_UnexpectedAMDGPU (t=2.227)[GFX1-]: PossiblyBrokenSurfaceSharing_UnexpectedAMDGPU
1538049317919	addons.xpi-utils	DEBUG	Async JSON file read took 0 MS
1538049317919	addons.xpi-utils	DEBUG	Finished async read of XPI database, parsing...
1538049317921	addons.xpi-utils	DEBUG	Successfully read XPI database
1538049317930	addons.manager	DEBUG	Starting provider: <unnamed-provider>
1538049317930	addons.manager	DEBUG	Registering shutdown blocker for <unnamed-provider>
1538049317930	addons.manager	DEBUG	Provider finished startup: <unnamed-provider>
*** Blocklist::_loadBlocklistFromFile: blocklist is disabled
1538049318016	addons.manager	DEBUG	Starting provider: PreviousExperimentProvider
1538049318016	addons.manager	DEBUG	Registering shutdown blocker for PreviousExperimentProvider
1538049318016	addons.manager	DEBUG	Provider finished startup: PreviousExperimentProvider
JavaScript warning: https://www.googletagmanager.com/gtm.js?id=GTM-MW3R8V&l=dataLayer, line 5278: mutating the [[Prototype]] of an object will cause your code to run very slowly; instead create the object with the correct initial [[Prototype]] value using Object.create

	at org.openqa.selenium.firefox.internal.NewProfileExtensionConnection.start(NewProfileExtensionConnection.java:118)
	at org.openqa.selenium.firefox.FirefoxDriver.startClient(FirefoxDriver.java:246)
	at org.openqa.selenium.remote.RemoteWebDriver.<init>(RemoteWebDriver.java:114)
	at org.openqa.selenium.firefox.FirefoxDriver.<init>(FirefoxDriver.java:191)
	at org.openqa.selenium.firefox.FirefoxDriver.<init>(FirefoxDriver.java:186)
	at org.openqa.selenium.firefox.FirefoxDriver.<init>(FirefoxDriver.java:182)
	at org.openqa.selenium.firefox.FirefoxDriver.<init>(FirefoxDriver.java:95)
	at example.NewTest.beforeTest(NewTest.java:21)
	at sun.reflect.NativeMethodAccessorImpl.invoke0(Native Method)
	at sun.reflect.NativeMethodAccessorImpl.invoke(NativeMethodAccessorImpl.java:62)
	at sun.reflect.DelegatingMethodAccessorImpl.invoke(DelegatingMethodAccessorImpl.java:43)
	at java.lang.reflect.Method.invoke(Method.java:498)
	at org.testng.internal.MethodInvocationHelper.invokeMethod(MethodInvocationHelper.java:80)
	at org.testng.internal.Invoker.invokeConfigurationMethod(Invoker.java:564)
	at org.testng.internal.Invoker.invokeConfigurations(Invoker.java:213)
	at org.testng.internal.Invoker.invokeConfigurations(Invoker.java:138)
	at org.testng.TestRunner.beforeRun(TestRunner.java:641)
	at org.testng.TestRunner.run(TestRunner.java:609)
	at org.testng.SuiteRunner.runTest(SuiteRunner.java:334)
	at org.testng.SuiteRunner.runSequentially(SuiteRunner.java:329)
	at org.testng.SuiteRunner.privateRun(SuiteRunner.java:291)
	at org.testng.SuiteRunner.run(SuiteRunner.java:240)
	at org.testng.SuiteRunnerWorker.runSuite(SuiteRunnerWorker.java:52)
	at org.testng.SuiteRunnerWorker.run(SuiteRunnerWorker.java:86)
	at org.testng.TestNG.runSuitesSequentially(TestNG.java:1198)
	at org.testng.TestNG.runSuitesLocally(TestNG.java:1123)
	at org.testng.TestNG.run(TestNG.java:1031)
	at org.apache.maven.surefire.testng.TestNGExecutor.run(TestNGExecutor.java:281)
	at org.apache.maven.surefire.testng.TestNGXmlTestSuite.execute(TestNGXmlTestSuite.java:75)
	at org.apache.maven.surefire.testng.TestNGProvider.invoke(TestNGProvider.java:121)
	at sun.reflect.NativeMethodAccessorImpl.invoke0(Native Method)
	at sun.reflect.NativeMethodAccessorImpl.invoke(NativeMethodAccessorImpl.java:62)
	at sun.reflect.DelegatingMethodAccessorImpl.invoke(DelegatingMethodAccessorImpl.java:43)
	at java.lang.reflect.Method.invoke(Method.java:498)
	at org.apache.maven.surefire.util.ReflectionUtils.invokeMethodWithArray2(ReflectionUtils.java:202)
	at org.apache.maven.surefire.booter.ProviderFactory$ProviderProxy.invoke(ProviderFactory.java:155)
	at org.apache.maven.surefire.booter.ProviderFactory.invokeProvider(ProviderFactory.java:81)
	at org.apache.maven.plugin.surefire.InPluginVMSurefireStarter.runSuitesInProcess(InPluginVMSurefireStarter.java:82)
	at org.apache.maven.plugin.surefire.AbstractSurefireMojo.executeProvider(AbstractSurefireMojo.java:1010)
	at org.apache.maven.plugin.surefire.AbstractSurefireMojo.executeAfterPreconditionsChecked(AbstractSurefireMojo.java:862)
	at org.apache.maven.plugin.surefire.AbstractSurefireMojo.execute(AbstractSurefireMojo.java:755)
	at org.apache.maven.plugin.DefaultBuildPluginManager.executeMojo(DefaultBuildPluginManager.java:134)
	at org.apache.maven.lifecycle.internal.MojoExecutor.execute(MojoExecutor.java:207)
	at org.apache.maven.lifecycle.internal.MojoExecutor.execute(MojoExecutor.java:153)
	at org.apache.maven.lifecycle.internal.MojoExecutor.execute(MojoExecutor.java:145)
	at org.apache.maven.lifecycle.internal.LifecycleModuleBuilder.buildProject(LifecycleModuleBuilder.java:116)
	at org.apache.maven.lifecycle.internal.LifecycleModuleBuilder.buildProject(LifecycleModuleBuilder.java:80)
	at org.apache.maven.lifecycle.internal.builder.singlethreaded.SingleThreadedBuilder.build(SingleThreadedBuilder.java:51)
	at org.apache.maven.lifecycle.internal.LifecycleStarter.execute(LifecycleStarter.java:128)
	at org.apache.maven.DefaultMaven.doExecute(DefaultMaven.java:307)
	at org.apache.maven.DefaultMaven.doExecute(DefaultMaven.java:193)
	at org.apache.maven.DefaultMaven.execute(DefaultMaven.java:106)
	at org.apache.maven.cli.MavenCli.execute(MavenCli.java:863)
	at org.apache.maven.cli.MavenCli.doMain(MavenCli.java:288)
	at org.apache.maven.cli.MavenCli.main(MavenCli.java:199)
	at sun.reflect.NativeMethodAccessorImpl.invoke0(Native Method)
	at sun.reflect.NativeMethodAccessorImpl.invoke(NativeMethodAccessorImpl.java:62)
	at sun.reflect.DelegatingMethodAccessorImpl.invoke(DelegatingMethodAccessorImpl.java:43)
	at java.lang.reflect.Method.invoke(Method.java:498)
	at org.codehaus.plexus.classworlds.launcher.Launcher.launchEnhanced(Launcher.java:289)
	at org.codehaus.plexus.classworlds.launcher.Launcher.launch(Launcher.java:229)
	at org.codehaus.plexus.classworlds.launcher.Launcher.mainWithExitCode(Launcher.java:415)
	at org.codehaus.plexus.classworlds.launcher.Launcher.main(Launcher.java:356)
]]></system-err>
  </testcase>
  <testcase name="testEasy" classname="example.NewTest" time="0">
    <skipped/>
  </testcase>
  <testcase name="afterTest" classname="example.NewTest" time="0">
    <skipped/>
  </testcase>
</testsuite>