<?xml version="1.0" encoding="UTF-8"?>
<testng-results skipped="1" failed="0" total="1" passed="0">
  <reporter-output>
  </reporter-output>
  <suite name="Suite" duration-ms="55884" started-at="2018-09-27T11:57:06Z" finished-at="2018-09-27T11:58:02Z">
    <groups>
    </groups>
    <test name="Test" duration-ms="55884" started-at="2018-09-27T11:57:06Z" finished-at="2018-09-27T11:58:02Z">
      <class name="example.NewTest">
        <test-method status="FAIL" signature="beforeTest()[pri:0, instance:example.NewTest@4cc0edeb]" name="beforeTest" is-config="true" duration-ms="0" started-at="2018-09-27T17:27:06Z" finished-at="2018-09-27T17:27:06Z">
          <exception class="org.openqa.selenium.WebDriverException">
            <message>
              <![CDATA[Failed to connect to binary FirefoxBinary(C:\Program Files (x86)\Mozilla Firefox\firefox.exe) on port 7056; process output follows: 
Files (x86)\\Mozilla Firefox\\browser\\features\\loop@mozilla.org.xpi","e":true,"v":"1.2.6","st":1462246394000}},"app-global":{"{972ce4c6-7e08-4474-a285-3208198ce6fd}":{"d":"C:\\Program Files (x86)\\Mozilla Firefox\\browser\\extensions\\{972ce4c6-7e08-4474-a285-3208198ce6fd}.xpi","e":true,"v":"46.0.1","st":1462246394000}}}
1538049437478	addons.xpi	DEBUG	No changes found
1538049437484	addons.xpi	DEBUG	Registering manifest for C:\Program Files (x86)\Mozilla Firefox\browser\features\e10srollout@mozilla.org.xpi
1538049437485	addons.xpi	DEBUG	Loading bootstrap scope from C:\Program Files (x86)\Mozilla Firefox\browser\features\e10srollout@mozilla.org.xpi
1538049437495	addons.xpi	DEBUG	Calling bootstrap method startup on e10srollout@mozilla.org version 1.0
1538049437495	addons.xpi	DEBUG	Registering manifest for C:\Program Files (x86)\Mozilla Firefox\browser\features\firefox@getpocket.com.xpi
1538049437496	addons.xpi	DEBUG	Loading bootstrap scope from C:\Program Files (x86)\Mozilla Firefox\browser\features\firefox@getpocket.com.xpi
1538049437500	addons.xpi	DEBUG	Calling bootstrap method startup on firefox@getpocket.com version 1.0
1538049437506	addons.xpi-utils	DEBUG	Starting async load of XPI database C:\Users\Djay\AppData\Local\Temp\anonymous2770026120505090674webdriver-profile\extensions.json
1538049437507	addons.xpi	DEBUG	Registering manifest for C:\Program Files (x86)\Mozilla Firefox\browser\features\loop@mozilla.org.xpi
1538049437507	addons.xpi	DEBUG	Loading bootstrap scope from C:\Program Files (x86)\Mozilla Firefox\browser\features\loop@mozilla.org.xpi
1538049437512	addons.xpi	DEBUG	Calling bootstrap method startup on loop@mozilla.org version 1.2.6
1538049437528	addons.manager	DEBUG	Registering shutdown blocker for XPIProvider
1538049437529	addons.manager	DEBUG	Provider finished startup: XPIProvider
1538049437529	addons.manager	DEBUG	Starting provider: LightweightThemeManager
1538049437529	addons.manager	DEBUG	Registering shutdown blocker for LightweightThemeManager
1538049437529	addons.manager	DEBUG	Provider finished startup: LightweightThemeManager
1538049437529	addons.manager	DEBUG	Starting provider: GMPProvider
1538049437535	addons.manager	DEBUG	Registering shutdown blocker for GMPProvider
1538049437535	addons.manager	DEBUG	Provider finished startup: GMPProvider
1538049437535	addons.manager	DEBUG	Starting provider: PluginProvider
1538049437535	addons.manager	DEBUG	Registering shutdown blocker for PluginProvider
1538049437535	addons.manager	DEBUG	Provider finished startup: PluginProvider
1538049437536	addons.manager	DEBUG	Completed startup sequence
Crash Annotation GraphicsCriticalError: |[0][GFX1-]: PossiblyBrokenSurfaceSharing_UnexpectedAMDGPU (t=0.853618)[GFX1-]: PossiblyBrokenSurfaceSharing_UnexpectedAMDGPU
Crash Annotation GraphicsCriticalError: |[0][GFX1-]: PossiblyBrokenSurfaceSharing_UnexpectedAMDGPU (t=0.853618)|[1][GFX1-]: PossiblyBrokenSurfaceSharing_UnexpectedAMDGPU (t=0.894151)[GFX1-]: PossiblyBrokenSurfaceSharing_UnexpectedAMDGPU
1538049437749	addons.xpi-utils	DEBUG	Async JSON file read took 0 MS
1538049437750	addons.xpi-utils	DEBUG	Finished async read of XPI database, parsing...
1538049437751	addons.xpi-utils	DEBUG	Successfully read XPI database
1538049437760	addons.manager	DEBUG	Starting provider: <unnamed-provider>
1538049437760	addons.manager	DEBUG	Registering shutdown blocker for <unnamed-provider>
1538049437760	addons.manager	DEBUG	Provider finished startup: <unnamed-provider>
*** Blocklist::_loadBlocklistFromFile: blocklist is disabled
1538049437841	addons.manager	DEBUG	Starting provider: PreviousExperimentProvider
1538049437841	addons.manager	DEBUG	Registering shutdown blocker for PreviousExperimentProvider
1538049437841	addons.manager	DEBUG	Provider finished startup: PreviousExperimentProvider
JavaScript warning: https://www.googletagmanager.com/gtm.js?id=GTM-MW3R8V&l=dataLayer, line 5278: mutating the [[Prototype]] of an object will cause your code to run very slowly; instead create the object with the correct initial [[Prototype]] value using Object.create

Build info: version: '2.45.0', revision: '5017cb8e7ca8e37638dc3091b2440b90a1d8686f', time: '2015-02-27 09:10:26'
System info: host: 'JAY', ip: '192.168.43.59', os.name: 'Windows 8.1', os.arch: 'amd64', os.version: '6.3', java.version: '1.8.0_144'
Driver info: driver.version: FirefoxDriver]]>
            </message>
            <full-stacktrace>
              <![CDATA[org.openqa.selenium.WebDriverException: Failed to connect to binary FirefoxBinary(C:\Program Files (x86)\Mozilla Firefox\firefox.exe) on port 7056; process output follows: 
Files (x86)\\Mozilla Firefox\\browser\\features\\loop@mozilla.org.xpi","e":true,"v":"1.2.6","st":1462246394000}},"app-global":{"{972ce4c6-7e08-4474-a285-3208198ce6fd}":{"d":"C:\\Program Files (x86)\\Mozilla Firefox\\browser\\extensions\\{972ce4c6-7e08-4474-a285-3208198ce6fd}.xpi","e":true,"v":"46.0.1","st":1462246394000}}}
1538049437478	addons.xpi	DEBUG	No changes found
1538049437484	addons.xpi	DEBUG	Registering manifest for C:\Program Files (x86)\Mozilla Firefox\browser\features\e10srollout@mozilla.org.xpi
1538049437485	addons.xpi	DEBUG	Loading bootstrap scope from C:\Program Files (x86)\Mozilla Firefox\browser\features\e10srollout@mozilla.org.xpi
1538049437495	addons.xpi	DEBUG	Calling bootstrap method startup on e10srollout@mozilla.org version 1.0
1538049437495	addons.xpi	DEBUG	Registering manifest for C:\Program Files (x86)\Mozilla Firefox\browser\features\firefox@getpocket.com.xpi
1538049437496	addons.xpi	DEBUG	Loading bootstrap scope from C:\Program Files (x86)\Mozilla Firefox\browser\features\firefox@getpocket.com.xpi
1538049437500	addons.xpi	DEBUG	Calling bootstrap method startup on firefox@getpocket.com version 1.0
1538049437506	addons.xpi-utils	DEBUG	Starting async load of XPI database C:\Users\Djay\AppData\Local\Temp\anonymous2770026120505090674webdriver-profile\extensions.json
1538049437507	addons.xpi	DEBUG	Registering manifest for C:\Program Files (x86)\Mozilla Firefox\browser\features\loop@mozilla.org.xpi
1538049437507	addons.xpi	DEBUG	Loading bootstrap scope from C:\Program Files (x86)\Mozilla Firefox\browser\features\loop@mozilla.org.xpi
1538049437512	addons.xpi	DEBUG	Calling bootstrap method startup on loop@mozilla.org version 1.2.6
1538049437528	addons.manager	DEBUG	Registering shutdown blocker for XPIProvider
1538049437529	addons.manager	DEBUG	Provider finished startup: XPIProvider
1538049437529	addons.manager	DEBUG	Starting provider: LightweightThemeManager
1538049437529	addons.manager	DEBUG	Registering shutdown blocker for LightweightThemeManager
1538049437529	addons.manager	DEBUG	Provider finished startup: LightweightThemeManager
1538049437529	addons.manager	DEBUG	Starting provider: GMPProvider
1538049437535	addons.manager	DEBUG	Registering shutdown blocker for GMPProvider
1538049437535	addons.manager	DEBUG	Provider finished startup: GMPProvider
1538049437535	addons.manager	DEBUG	Starting provider: PluginProvider
1538049437535	addons.manager	DEBUG	Registering shutdown blocker for PluginProvider
1538049437535	addons.manager	DEBUG	Provider finished startup: PluginProvider
1538049437536	addons.manager	DEBUG	Completed startup sequence
Crash Annotation GraphicsCriticalError: |[0][GFX1-]: PossiblyBrokenSurfaceSharing_UnexpectedAMDGPU (t=0.853618)[GFX1-]: PossiblyBrokenSurfaceSharing_UnexpectedAMDGPU
Crash Annotation GraphicsCriticalError: |[0][GFX1-]: PossiblyBrokenSurfaceSharing_UnexpectedAMDGPU (t=0.853618)|[1][GFX1-]: PossiblyBrokenSurfaceSharing_UnexpectedAMDGPU (t=0.894151)[GFX1-]: PossiblyBrokenSurfaceSharing_UnexpectedAMDGPU
1538049437749	addons.xpi-utils	DEBUG	Async JSON file read took 0 MS
1538049437750	addons.xpi-utils	DEBUG	Finished async read of XPI database, parsing...
1538049437751	addons.xpi-utils	DEBUG	Successfully read XPI database
1538049437760	addons.manager	DEBUG	Starting provider: <unnamed-provider>
1538049437760	addons.manager	DEBUG	Registering shutdown blocker for <unnamed-provider>
1538049437760	addons.manager	DEBUG	Provider finished startup: <unnamed-provider>
*** Blocklist::_loadBlocklistFromFile: blocklist is disabled
1538049437841	addons.manager	DEBUG	Starting provider: PreviousExperimentProvider
1538049437841	addons.manager	DEBUG	Registering shutdown blocker for PreviousExperimentProvider
1538049437841	addons.manager	DEBUG	Provider finished startup: PreviousExperimentProvider
JavaScript warning: https://www.googletagmanager.com/gtm.js?id=GTM-MW3R8V&l=dataLayer, line 5278: mutating the [[Prototype]] of an object will cause your code to run very slowly; instead create the object with the correct initial [[Prototype]] value using Object.create

Build info: version: '2.45.0', revision: '5017cb8e7ca8e37638dc3091b2440b90a1d8686f', time: '2015-02-27 09:10:26'
System info: host: 'JAY', ip: '192.168.43.59', os.name: 'Windows 8.1', os.arch: 'amd64', os.version: '6.3', java.version: '1.8.0_144'
Driver info: driver.version: FirefoxDriver
	at org.openqa.selenium.firefox.internal.NewProfileExtensionConnection.start(NewProfileExtensionConnection.java:130)
	at org.openqa.selenium.firefox.FirefoxDriver.startClient(FirefoxDriver.java:246)
	at org.openqa.selenium.remote.RemoteWebDriver.<init>(RemoteWebDriver.java:114)
	at org.openqa.selenium.firefox.FirefoxDriver.<init>(FirefoxDriver.java:191)
	at org.openqa.selenium.firefox.FirefoxDriver.<init>(FirefoxDriver.java:186)
	at org.openqa.selenium.firefox.FirefoxDriver.<init>(FirefoxDriver.java:182)
	at org.openqa.selenium.firefox.FirefoxDriver.<init>(FirefoxDriver.java:95)
	at example.NewTest.beforeTest(NewTest.java:16)
	at sun.reflect.NativeMethodAccessorImpl.invoke0(Native Method)
	at sun.reflect.NativeMethodAccessorImpl.invoke(NativeMethodAccessorImpl.java:62)
	at sun.reflect.DelegatingMethodAccessorImpl.invoke(DelegatingMethodAccessorImpl.java:43)
	at java.lang.reflect.Method.invoke(Method.java:498)
	at org.testng.internal.MethodInvocationHelper.invokeMethod(MethodInvocationHelper.java:80)
	at org.testng.internal.Invoker.invokeConfigurationMethod(Invoker.java:564)
	at org.testng.internal.Invoker.invokeConfigurations(Invoker.java:213)
	at org.testng.internal.Invoker.invokeConfigurations(Invoker.java:138)
	at org.testng.TestRunner.beforeRun(TestRunner.java:641)
	at org.testng.TestRunner.run(TestRunner.java:609)
	at org.testng.SuiteRunner.runTest(SuiteRunner.java:334)
	at org.testng.SuiteRunner.runSequentially(SuiteRunner.java:329)
	at org.testng.SuiteRunner.privateRun(SuiteRunner.java:291)
	at org.testng.SuiteRunner.run(SuiteRunner.java:240)
	at org.testng.SuiteRunnerWorker.runSuite(SuiteRunnerWorker.java:52)
	at org.testng.SuiteRunnerWorker.run(SuiteRunnerWorker.java:86)
	at org.testng.TestNG.runSuitesSequentially(TestNG.java:1198)
	at org.testng.TestNG.runSuitesLocally(TestNG.java:1123)
	at org.testng.TestNG.run(TestNG.java:1031)
	at org.testng.remote.AbstractRemoteTestNG.run(AbstractRemoteTestNG.java:114)
	at org.testng.remote.RemoteTestNG.initAndRun(RemoteTestNG.java:251)
	at org.testng.remote.RemoteTestNG.main(RemoteTestNG.java:77)
Caused by: org.openqa.selenium.firefox.NotConnectedException: Unable to connect to host 127.0.0.1 on port 7056 after 45000 ms. Firefox console output:
Files (x86)\\Mozilla Firefox\\browser\\features\\loop@mozilla.org.xpi","e":true,"v":"1.2.6","st":1462246394000}},"app-global":{"{972ce4c6-7e08-4474-a285-3208198ce6fd}":{"d":"C:\\Program Files (x86)\\Mozilla Firefox\\browser\\extensions\\{972ce4c6-7e08-4474-a285-3208198ce6fd}.xpi","e":true,"v":"46.0.1","st":1462246394000}}}
1538049437478	addons.xpi	DEBUG	No changes found
1538049437484	addons.xpi	DEBUG	Registering manifest for C:\Program Files (x86)\Mozilla Firefox\browser\features\e10srollout@mozilla.org.xpi
1538049437485	addons.xpi	DEBUG	Loading bootstrap scope from C:\Program Files (x86)\Mozilla Firefox\browser\features\e10srollout@mozilla.org.xpi
1538049437495	addons.xpi	DEBUG	Calling bootstrap method startup on e10srollout@mozilla.org version 1.0
1538049437495	addons.xpi	DEBUG	Registering manifest for C:\Program Files (x86)\Mozilla Firefox\browser\features\firefox@getpocket.com.xpi
1538049437496	addons.xpi	DEBUG	Loading bootstrap scope from C:\Program Files (x86)\Mozilla Firefox\browser\features\firefox@getpocket.com.xpi
1538049437500	addons.xpi	DEBUG	Calling bootstrap method startup on firefox@getpocket.com version 1.0
1538049437506	addons.xpi-utils	DEBUG	Starting async load of XPI database C:\Users\Djay\AppData\Local\Temp\anonymous2770026120505090674webdriver-profile\extensions.json
1538049437507	addons.xpi	DEBUG	Registering manifest for C:\Program Files (x86)\Mozilla Firefox\browser\features\loop@mozilla.org.xpi
1538049437507	addons.xpi	DEBUG	Loading bootstrap scope from C:\Program Files (x86)\Mozilla Firefox\browser\features\loop@mozilla.org.xpi
1538049437512	addons.xpi	DEBUG	Calling bootstrap method startup on loop@mozilla.org version 1.2.6
1538049437528	addons.manager	DEBUG	Registering shutdown blocker for XPIProvider
1538049437529	addons.manager	DEBUG	Provider finished startup: XPIProvider
1538049437529	addons.manager	DEBUG	Starting provider: LightweightThemeManager
1538049437529	addons.manager	DEBUG	Registering shutdown blocker for LightweightThemeManager
1538049437529	addons.manager	DEBUG	Provider finished startup: LightweightThemeManager
1538049437529	addons.manager	DEBUG	Starting provider: GMPProvider
1538049437535	addons.manager	DEBUG	Registering shutdown blocker for GMPProvider
1538049437535	addons.manager	DEBUG	Provider finished startup: GMPProvider
1538049437535	addons.manager	DEBUG	Starting provider: PluginProvider
1538049437535	addons.manager	DEBUG	Registering shutdown blocker for PluginProvider
1538049437535	addons.manager	DEBUG	Provider finished startup: PluginProvider
1538049437536	addons.manager	DEBUG	Completed startup sequence
Crash Annotation GraphicsCriticalError: |[0][GFX1-]: PossiblyBrokenSurfaceSharing_UnexpectedAMDGPU (t=0.853618)[GFX1-]: PossiblyBrokenSurfaceSharing_UnexpectedAMDGPU
Crash Annotation GraphicsCriticalError: |[0][GFX1-]: PossiblyBrokenSurfaceSharing_UnexpectedAMDGPU (t=0.853618)|[1][GFX1-]: PossiblyBrokenSurfaceSharing_UnexpectedAMDGPU (t=0.894151)[GFX1-]: PossiblyBrokenSurfaceSharing_UnexpectedAMDGPU
1538049437749	addons.xpi-utils	DEBUG	Async JSON file read took 0 MS
1538049437750	addons.xpi-utils	DEBUG	Finished async read of XPI database, parsing...
1538049437751	addons.xpi-utils	DEBUG	Successfully read XPI database
1538049437760	addons.manager	DEBUG	Starting provider: <unnamed-provider>
1538049437760	addons.manager	DEBUG	Registering shutdown blocker for <unnamed-provider>
1538049437760	addons.manager	DEBUG	Provider finished startup: <unnamed-provider>
*** Blocklist::_loadBlocklistFromFile: blocklist is disabled
1538049437841	addons.manager	DEBUG	Starting provider: PreviousExperimentProvider
1538049437841	addons.manager	DEBUG	Registering shutdown blocker for PreviousExperimentProvider
1538049437841	addons.manager	DEBUG	Provider finished startup: PreviousExperimentProvider
JavaScript warning: https://www.googletagmanager.com/gtm.js?id=GTM-MW3R8V&l=dataLayer, line 5278: mutating the [[Prototype]] of an object will cause your code to run very slowly; instead create the object with the correct initial [[Prototype]] value using Object.create

	at org.openqa.selenium.firefox.internal.NewProfileExtensionConnection.start(NewProfileExtensionConnection.java:118)
	... 29 more
]]>
            </full-stacktrace>
          </exception> <!-- org.openqa.selenium.WebDriverException -->
          <reporter-output>
          </reporter-output>
        </test-method> <!-- beforeTest -->
        <test-method status="SKIP" signature="testEasy()[pri:0, instance:example.NewTest@4cc0edeb]" name="testEasy" duration-ms="2" started-at="2018-09-27T17:28:02Z" finished-at="2018-09-27T17:28:02Z">
          <reporter-output>
          </reporter-output>
        </test-method> <!-- testEasy -->
        <test-method status="SKIP" signature="afterTest()[pri:0, instance:example.NewTest@4cc0edeb]" name="afterTest" is-config="true" duration-ms="0" started-at="2018-09-27T17:28:02Z" finished-at="2018-09-27T17:28:02Z">
          <reporter-output>
          </reporter-output>
        </test-method> <!-- afterTest -->
      </class> <!-- example.NewTest -->
    </test> <!-- Test -->
  </suite> <!-- Suite -->
</testng-results>
